# JRE version: Java(TM) SE Runtime Environment (8.0_144-b01) (build 1.8.0_144-b01)
# Java VM: Java HotSpot(TM) 64-Bit Server VM (25.144-b01 mixed mode windows-amd64 compressed oops)
Heap:
 PSYoungGen      total 182784K, used 78713K [0x00000000e0000000, 0x00000000ee500000, 0x0000000100000000)
  eden space 165888K, 47% used [0x00000000e0000000,0x00000000e4cde718,0x00000000ea200000)
  from space 16896K, 0% used [0x00000000eb700000,0x00000000eb700000,0x00000000ec780000)
  to   space 21504K, 0% used [0x00000000ea200000,0x00000000ea200000,0x00000000eb700000)
 ParOldGen       total 146944K, used 37610K [0x00000000a0000000, 0x00000000a8f80000, 0x00000000e0000000)
  object space 146944K, 25% used [0x00000000a0000000,0x00000000a24ba970,0x00000000a8f80000)
 Metaspace       used 57797K, capacity 59894K, committed 60184K, reserved 1101824K
  class space    used 8060K, capacity 8628K, committed 8752K, reserved 1048576K
GC Heap History (10 events):
Event: 7.513 GC heap before
{Heap before GC invocations=9 (full 2):
 PSYoungGen      total 111104K, used 10885K [0x00000000e0000000, 0x00000000ea700000, 0x0000000100000000)
  eden space 99840K, 0% used [0x00000000e0000000,0x00000000e0000000,0x00000000e6180000)
  from space 11264K, 96% used [0x00000000e6180000,0x00000000e6c215c8,0x00000000e6c80000)
  to   space 12800K, 0% used [0x00000000e9a80000,0x00000000e9a80000,0x00000000ea700000)
 ParOldGen       total 63488K, used 10643K [0x00000000a0000000, 0x00000000a3e00000, 0x00000000e0000000)
  object space 63488K, 16% used [0x00000000a0000000,0x00000000a0a64e58,0x00000000a3e00000)
 Metaspace       used 34679K, capacity 35256K, committed 35496K, reserved 1079296K
  class space    used 4780K, capacity 5011K, committed 5040K, reserved 1048576K
Event: 7.578 GC heap after
Heap after GC invocations=9 (full 2):
 PSYoungGen      total 111104K, used 0K [0x00000000e0000000, 0x00000000ea700000, 0x0000000100000000)
  eden space 99840K, 0% used [0x00000000e0000000,0x00000000e0000000,0x00000000e6180000)
  from space 11264K, 0% used [0x00000000e6180000,0x00000000e6180000,0x00000000e6c80000)
  to   space 12800K, 0% used [0x00000000e9a80000,0x00000000e9a80000,0x00000000ea700000)
 ParOldGen       total 98816K, used 17036K [0x00000000a0000000, 0x00000000a6080000, 0x00000000e0000000)
  object space 98816K, 17% used [0x00000000a0000000,0x00000000a10a3300,0x00000000a6080000)
 Metaspace       used 34679K, capacity 35256K, committed 35496K, reserved 1079296K
  class space    used 4780K, capacity 5011K, committed 5040K, reserved 1048576K
}
Event: 10.425 GC heap before
{Heap before GC invocations=10 (full 2):
 PSYoungGen      total 111104K, used 99840K [0x00000000e0000000, 0x00000000ea700000, 0x0000000100000000)
  eden space 99840K, 100% used [0x00000000e0000000,0x00000000e6180000,0x00000000e6180000)
  from space 11264K, 0% used [0x00000000e6180000,0x00000000e6180000,0x00000000e6c80000)
  to   space 12800K, 0% used [0x00000000e9a80000,0x00000000e9a80000,0x00000000ea700000)
 ParOldGen       total 98816K, used 17036K [0x00000000a0000000, 0x00000000a6080000, 0x00000000e0000000)
  object space 98816K, 17% used [0x00000000a0000000,0x00000000a10a3300,0x00000000a6080000)
 Metaspace       used 44182K, capacity 45022K, committed 45224K, reserved 1087488K
  class space    used 5967K, capacity 6300K, committed 6320K, reserved 1048576K
Event: 10.437 GC heap after
Heap after GC invocations=10 (full 2):
 PSYoungGen      total 151040K, used 10913K [0x00000000e0000000, 0x00000000ea580000, 0x0000000100000000)
  eden space 139776K, 0% used [0x00000000e0000000,0x00000000e0000000,0x00000000e8880000)
  from space 11264K, 96% used [0x00000000e9a80000,0x00000000ea528440,0x00000000ea580000)
  to   space 13312K, 0% used [0x00000000e8b80000,0x00000000e8b80000,0x00000000e9880000)
 ParOldGen       total 98816K, used 17044K [0x00000000a0000000, 0x00000000a6080000, 0x00000000e0000000)
  object space 98816K, 17% used [0x00000000a0000000,0x00000000a10a5300,0x00000000a6080000)
 Metaspace       used 44182K, capacity 45022K, committed 45224K, reserved 1087488K
  class space    used 5967K, capacity 6300K, committed 6320K, reserved 1048576K
}
Event: 14.888 GC heap before
{Heap before GC invocations=11 (full 2):
 PSYoungGen      total 151040K, used 150689K [0x00000000e0000000, 0x00000000ea580000, 0x0000000100000000)
  eden space 139776K, 100% used [0x00000000e0000000,0x00000000e8880000,0x00000000e8880000)
  from space 11264K, 96% used [0x00000000e9a80000,0x00000000ea528440,0x00000000ea580000)
  to   space 13312K, 0% used [0x00000000e8b80000,0x00000000e8b80000,0x00000000e9880000)
 ParOldGen       total 98816K, used 17044K [0x00000000a0000000, 0x00000000a6080000, 0x00000000e0000000)
  object space 98816K, 17% used [0x00000000a0000000,0x00000000a10a5300,0x00000000a6080000)
 Metaspace       used 54153K, capacity 55862K, committed 56104K, reserved 1097728K
  class space    used 7429K, capacity 7913K, committed 7984K, reserved 1048576K
Event: 14.903 GC heap after
Heap after GC invocations=11 (full 2):
 PSYoungGen      total 156160K, used 13296K [0x00000000e0000000, 0x00000000ec780000, 0x0000000100000000)
  eden space 142848K, 0% used [0x00000000e0000000,0x00000000e0000000,0x00000000e8b80000)
  from space 13312K, 99% used [0x00000000e8b80000,0x00000000e987c010,0x00000000e9880000)
  to   space 16896K, 0% used [0x00000000eb700000,0x00000000eb700000,0x00000000ec780000)
 ParOldGen       total 98816K, used 22256K [0x00000000a0000000, 0x00000000a6080000, 0x00000000e0000000)
  object space 98816K, 22% used [0x00000000a0000000,0x00000000a15bc398,0x00000000a6080000)
 Metaspace       used 54153K, capacity 55862K, committed 56104K, reserved 1097728K
  class space    used 7429K, capacity 7913K, committed 7984K, reserved 1048576K
}
Event: 16.002 GC heap before
{Heap before GC invocations=12 (full 2):
 PSYoungGen      total 156160K, used 101888K [0x00000000e0000000, 0x00000000ec780000, 0x0000000100000000)
  eden space 142848K, 62% used [0x00000000e0000000,0x00000000e56841b0,0x00000000e8b80000)
  from space 13312K, 99% used [0x00000000e8b80000,0x00000000e987c010,0x00000000e9880000)
  to   space 16896K, 0% used [0x00000000eb700000,0x00000000eb700000,0x00000000ec780000)
 ParOldGen       total 98816K, used 22256K [0x00000000a0000000, 0x00000000a6080000, 0x00000000e0000000)
  object space 98816K, 22% used [0x00000000a0000000,0x00000000a15bc398,0x00000000a6080000)
 Metaspace       used 56987K, capacity 59084K, committed 59160K, reserved 1099776K
  class space    used 7927K, capacity 8450K, committed 8496K, reserved 1048576K
Event: 16.052 GC heap after
Heap after GC invocations=12 (full 2):
 PSYoungGen      total 182784K, used 16877K [0x00000000e0000000, 0x00000000ee500000, 0x0000000100000000)
  eden space 165888K, 0% used [0x00000000e0000000,0x00000000e0000000,0x00000000ea200000)
  from space 16896K, 99% used [0x00000000eb700000,0x00000000ec77b4f0,0x00000000ec780000)
  to   space 21504K, 0% used [0x00000000ea200000,0x00000000ea200000,0x00000000eb700000)
 ParOldGen       total 98816K, used 28696K [0x00000000a0000000, 0x00000000a6080000, 0x00000000e0000000)
  object space 98816K, 29% used [0x00000000a0000000,0x00000000a1c06278,0x00000000a6080000)
 Metaspace       used 56987K, capacity 59084K, committed 59160K, reserved 1099776K
  class space    used 7927K, capacity 8450K, committed 8496K, reserved 1048576K
}
Event: 16.052 GC heap before
{Heap before GC invocations=13 (full 3):
 PSYoungGen      total 182784K, used 16877K [0x00000000e0000000, 0x00000000ee500000, 0x0000000100000000)
  eden space 165888K, 0% used [0x00000000e0000000,0x00000000e0000000,0x00000000ea200000)
  from space 16896K, 99% used [0x00000000eb700000,0x00000000ec77b4f0,0x00000000ec780000)
  to   space 21504K, 0% used [0x00000000ea200000,0x00000000ea200000,0x00000000eb700000)
 ParOldGen       total 98816K, used 28696K [0x00000000a0000000, 0x00000000a6080000, 0x00000000e0000000)
  object space 98816K, 29% used [0x00000000a0000000,0x00000000a1c06278,0x00000000a6080000)
 Metaspace       used 56987K, capacity 59084K, committed 59160K, reserved 1099776K
  class space    used 7927K, capacity 8450K, committed 8496K, reserved 1048576K
Event: 16.307 GC heap after
Heap after GC invocations=13 (full 3):
 PSYoungGen      total 182784K, used 0K [0x00000000e0000000, 0x00000000ee500000, 0x0000000100000000)
  eden space 165888K, 0% used [0x00000000e0000000,0x00000000e0000000,0x00000000ea200000)
  from space 16896K, 0% used [0x00000000eb700000,0x00000000eb700000,0x00000000ec780000)
  to   space 21504K, 0% used [0x00000000ea200000,0x00000000ea200000,0x00000000eb700000)
 ParOldGen       total 146944K, used 37610K [0x00000000a0000000, 0x00000000a8f80000, 0x00000000e0000000)
  object space 146944K, 25% used [0x00000000a0000000,0x00000000a24ba970,0x00000000a8f80000)
 Metaspace       used 56964K, capacity 58996K, committed 59160K, reserved 1099776K
  class space    used 7920K, capacity 8442K, committed 8496K, reserved 1048576K
}

